

*******************************************************************************
Mon Nov 09 20:22:59 2020


FIT:    data read from 'RelDif_constPhiAlpha_zref3_m28_LCDM.txt' using 1:2
        format = x:z
        x range restricted to [0.800000 : *]
        #datapoints = 37
        residuals are weighted equally (unit weight)

function used for fitting: f(x)
	f(x)=a*(1+x)^b
fitted parameters initialized with current variable values



*******************************************************************************
Mon Nov 09 20:24:03 2020


FIT:    data read from 'RelDif_constPhiAlpha_zref3_m28_LCDM.txt' using 1:2
        format = x:z
        x range restricted to [0.800000 : *]
        #datapoints = 37
        residuals are weighted equally (unit weight)

function used for fitting: f(x)
	f(x)=a*(1+x)^b
fitted parameters initialized with current variable values



*******************************************************************************
Mon Nov 09 20:24:12 2020


FIT:    data read from 'RelDif_constPhiAlpha_zref3_m28_LCDM.txt' using 1:2
        format = x:z
        #datapoints = 50
        residuals are weighted equally (unit weight)

function used for fitting: f(x)
	f(x)=a*(1+x)^b
fitted parameters initialized with current variable values



*******************************************************************************
Mon Nov 09 20:24:36 2020


FIT:    data read from 'RelDif_constPhiAlpha_zref3_m28_LCDM.txt' us 1:2
        format = x:z
        #datapoints = 50
        residuals are weighted equally (unit weight)

function used for fitting: f(x)
	f(x)=a*(1+x)^b
fitted parameters initialized with current variable values



*******************************************************************************
Mon Nov 09 20:26:08 2020


FIT:    data read from 'RelDif_constPhiAlpha_zref3_m28_LCDM.txt' us 1:2
        format = x:z
        #datapoints = 50
        residuals are weighted equally (unit weight)

function used for fitting: f(x)
	f(x)=a * (1+x)**b
fitted parameters initialized with current variable values

iter      chisq       delta/lim  lambda   a             b            
   0 2.1424219139e+02   0.00e+00  2.82e+00    1.000000e+00   1.000000e+00
  10 8.6609277502e+01  -5.56e-01  2.82e-10    2.701902e+00  -4.201130e-01

After 10 iterations the fit converged.
final sum of squares of residuals : 86.6093
rel. change during last iteration : -5.55854e-06

degrees of freedom    (FIT_NDF)                        : 48
rms of residuals      (FIT_STDFIT) = sqrt(WSSR/ndf)    : 1.34326
variance of residuals (reduced chisquare) = WSSR/ndf   : 1.80436

Final set of parameters            Asymptotic Standard Error
=======================            ==========================
a               = 2.7019           +/- 0.5318       (19.68%)
b               = -0.420113        +/- 0.2396       (57.04%)

correlation matrix of the fit parameters:
                a      b      
a               1.000 
b              -0.868  1.000 


*******************************************************************************
Mon Nov 09 20:26:28 2020


FIT:    data read from 'RelDif_constPhiAlpha_zref3_m28_LCDM.txt' us 1:2
        format = x:z
        x range restricted to [0.800000 : *]
        #datapoints = 37
        residuals are weighted equally (unit weight)

function used for fitting: f(x)
	f(x)=a * (1+x)**b
fitted parameters initialized with current variable values

iter      chisq       delta/lim  lambda   a             b            
   0 4.4856957055e+01   0.00e+00  1.36e+00    2.701902e+00  -4.201130e-01
   8 5.8519025756e+00  -5.67e-01  1.36e-06    2.028416e+01  -2.459219e+00

After 8 iterations the fit converged.
final sum of squares of residuals : 5.8519
rel. change during last iteration : -5.6679e-06

degrees of freedom    (FIT_NDF)                        : 35
rms of residuals      (FIT_STDFIT) = sqrt(WSSR/ndf)    : 0.408898
variance of residuals (reduced chisquare) = WSSR/ndf   : 0.167197

Final set of parameters            Asymptotic Standard Error
=======================            ==========================
a               = 20.2842          +/- 2.709        (13.36%)
b               = -2.45922         +/- 0.1638       (6.662%)

correlation matrix of the fit parameters:
                a      b      
a               1.000 
b              -0.973  1.000 


*******************************************************************************
Mon Nov 09 20:37:30 2020


FIT:    data read from 'RelDif_constPhiAlpha_zref3_m28_LCDM.txt' us 1:2
        format = x:z
        x range restricted to [1.50000 : *]
        #datapoints = 25
        residuals are weighted equally (unit weight)

function used for fitting: f(x)
	f(x)=a * (1+x)**b
fitted parameters initialized with current variable values

iter      chisq       delta/lim  lambda   a             b            
   0 3.5392705303e+00   0.00e+00  2.56e+00    2.028416e+01  -2.459219e+00
  54 6.9072367086e-01  -2.50e-01  2.56e-05    2.092234e+02  -4.650477e+00

After 54 iterations the fit converged.
final sum of squares of residuals : 0.690724
rel. change during last iteration : -2.49531e-06

degrees of freedom    (FIT_NDF)                        : 23
rms of residuals      (FIT_STDFIT) = sqrt(WSSR/ndf)    : 0.173296
variance of residuals (reduced chisquare) = WSSR/ndf   : 0.0300315

Final set of parameters            Asymptotic Standard Error
=======================            ==========================
a               = 209.223          +/- 58.69        (28.05%)
b               = -4.65048         +/- 0.2718       (5.844%)

correlation matrix of the fit parameters:
                a      b      
a               1.000 
b              -0.995  1.000 


*******************************************************************************
Mon Nov 09 20:40:49 2020


FIT:    data read from 'RelDif_constPhiAlpha_zref3_m28_LCDM.txt' us 1:2
        format = x:z
        x range restricted to [0.800000 : 10.0000]
        #datapoints = 37
        residuals are weighted equally (unit weight)

function used for fitting: g(x)
	g(x)=a*(1+x)**m * exp(-z/b)
fitted parameters initialized with current variable values



*******************************************************************************
Mon Nov 09 20:41:02 2020


FIT:    data read from 'RelDif_constPhiAlpha_zref3_m28_LCDM.txt' us 1:2
        format = x:z
        x range restricted to [0.800000 : 10.0000]
        #datapoints = 37
        residuals are weighted equally (unit weight)

function used for fitting: g(x)
	g(x)=a*(1+x)**m * exp(-x/b)
fitted parameters initialized with current variable values

iter      chisq       delta/lim  lambda   a             m             b            
   0 3.7674597067e+07   0.00e+00  9.59e+02    2.092234e+02   1.000000e+00  -4.650477e+00
  97 5.8519096610e+00  -5.33e-01  9.59e-09    2.027791e+01  -2.458771e+00  -5.182537e+05

After 97 iterations the fit converged.
final sum of squares of residuals : 5.85191
rel. change during last iteration : -5.33286e-06

degrees of freedom    (FIT_NDF)                        : 34
rms of residuals      (FIT_STDFIT) = sqrt(WSSR/ndf)    : 0.414867
variance of residuals (reduced chisquare) = WSSR/ndf   : 0.172115

Final set of parameters            Asymptotic Standard Error
=======================            ==========================
a               = 20.2779          +/- 9.18         (45.27%)
m               = -2.45877         +/- 1.503        (61.12%)
b               = -518254          +/- 1.613e+11    (3.112e+07%)

correlation matrix of the fit parameters:
                a      m      b      
a               1.000 
m              -0.981  1.000 
b               0.954 -0.994  1.000 


*******************************************************************************
Mon Nov 09 20:50:46 2020


FIT:    data read from 'RelDif_constPhiAlpha_zref3_m28_LCDM.txt' us 1:2
        format = x:z
        x range restricted to [0.800000 : *]
        #datapoints = 37
        residuals are weighted equally (unit weight)

function used for fitting: g(x)
	g(x)=a*(1+x)**m * exp(-x/b)
fitted parameters initialized with current variable values

iter      chisq       delta/lim  lambda   a             m             b            
   0 5.8519096610e+00   0.00e+00  2.81e+00    2.027791e+01  -2.458771e+00  -5.182537e+05
   1 5.8519090778e+00  -9.97e-03  2.81e-01    2.027790e+01  -2.458829e+00  -5.182539e+05

After 1 iterations the fit converged.
final sum of squares of residuals : 5.85191
rel. change during last iteration : -9.96604e-08

degrees of freedom    (FIT_NDF)                        : 34
rms of residuals      (FIT_STDFIT) = sqrt(WSSR/ndf)    : 0.414867
variance of residuals (reduced chisquare) = WSSR/ndf   : 0.172115

Final set of parameters            Asymptotic Standard Error
=======================            ==========================
a               = 20.2779          +/- 9.18         (45.27%)
m               = -2.45883         +/- 1.503        (61.12%)
b               = -518254          +/- 1.613e+11    (3.112e+07%)

correlation matrix of the fit parameters:
                a      m      b      
a               1.000 
m              -0.981  1.000 
b               0.954 -0.994  1.000 


*******************************************************************************
Mon Nov 09 20:51:03 2020


FIT:    data read from 'RelDif_constPhiAlpha_zref3_m28_LCDM.txt' us 1:2
        format = x:z
        x range restricted to [1.50000 : *]
        #datapoints = 25
        residuals are weighted equally (unit weight)

function used for fitting: g(x)
	g(x)=a*(1+x)**m * exp(-x/b)
fitted parameters initialized with current variable values

iter      chisq       delta/lim  lambda   a             m             b            
   0 3.5405415339e+00   0.00e+00  2.09e+00    2.027790e+01  -2.458829e+00  -5.182539e+05
  51 6.9072373742e-01  -8.23e-01  2.09e-05    2.092624e+02  -4.650654e+00  -2.632988e+06

After 51 iterations the fit converged.
final sum of squares of residuals : 0.690724
rel. change during last iteration : -8.22746e-06

degrees of freedom    (FIT_NDF)                        : 22
rms of residuals      (FIT_STDFIT) = sqrt(WSSR/ndf)    : 0.177191
variance of residuals (reduced chisquare) = WSSR/ndf   : 0.0313965

Final set of parameters            Asymptotic Standard Error
=======================            ==========================
a               = 209.262          +/- 392.3        (187.5%)
m               = -4.65065         +/- 4.368        (93.92%)
b               = -2.63299e+06     +/- 1.004e+13    (3.813e+08%)

correlation matrix of the fit parameters:
                a      m      b      
a               1.000 
m              -0.996  1.000 
b               0.988 -0.998  1.000 


*******************************************************************************
Mon Nov 09 20:51:26 2020


FIT:    data read from 'RelDif_constPhiAlpha_zref3_m28_LCDM.txt' us 1:2
        format = x:z
        x range restricted to [1.50000 : 3.00000]
        #datapoints = 25
        residuals are weighted equally (unit weight)

function used for fitting: g(x)
	g(x)=a*(1+x)**m * exp(-x/b)
fitted parameters initialized with current variable values

iter      chisq       delta/lim  lambda   a             m             b            
   0 6.9072373742e-01   0.00e+00  3.64e+00    2.092624e+02  -4.650654e+00  -2.632988e+06
   1 6.9072373742e-01  -3.21e-11  3.64e+04    2.092624e+02  -4.650654e+00  -2.632988e+06

After 1 iterations the fit converged.
final sum of squares of residuals : 0.690724
rel. change during last iteration : -3.21467e-16

degrees of freedom    (FIT_NDF)                        : 22
rms of residuals      (FIT_STDFIT) = sqrt(WSSR/ndf)    : 0.177191
variance of residuals (reduced chisquare) = WSSR/ndf   : 0.0313965

Final set of parameters            Asymptotic Standard Error
=======================            ==========================
a               = 209.262          +/- 392.3        (187.5%)
m               = -4.65065         +/- 4.368        (93.92%)
b               = -2.63299e+06     +/- 1.004e+13    (3.813e+08%)

correlation matrix of the fit parameters:
                a      m      b      
a               1.000 
m              -0.996  1.000 
b               0.988 -0.998  1.000 


*******************************************************************************
Mon Nov 09 20:52:38 2020


FIT:    data read from 'RelDif_constPhiAlpha_zref3_m28_LCDM.txt' us 1:2
        format = x:z
        x range restricted to [0.800000 : 10.0000]
        #datapoints = 37
        residuals are weighted equally (unit weight)

function used for fitting: g(x)
	g(x)=a*(1+x)**m * exp(-x/b)
fitted parameters initialized with current variable values

iter      chisq       delta/lim  lambda   a             m             b            
   0 2.4893980510e+02   0.00e+00  8.82e+00    2.092624e+02  -4.650654e+00  -2.632988e+06
  10 5.8519034605e+00  -3.51e-02  8.82e-06    2.027521e+01  -2.458654e+00  -7.018736e+07

After 10 iterations the fit converged.
final sum of squares of residuals : 5.8519
rel. change during last iteration : -3.50635e-07

degrees of freedom    (FIT_NDF)                        : 34
rms of residuals      (FIT_STDFIT) = sqrt(WSSR/ndf)    : 0.414867
variance of residuals (reduced chisquare) = WSSR/ndf   : 0.172115

Final set of parameters            Asymptotic Standard Error
=======================            ==========================
a               = 20.2752          +/- 9.179        (45.27%)
m               = -2.45865         +/- 1.503        (61.12%)
b               = -7.01874e+07     +/- 2.958e+15    (4.214e+09%)

correlation matrix of the fit parameters:
                a      m      b      
a               1.000 
m              -0.981  1.000 
b               0.954 -0.994  1.000 


*******************************************************************************
Mon Nov 09 21:04:33 2020


FIT:    data read from 'RelDif_constPhiAlpha_zref3_m28_LCDM.txt' us 1:2
        format = x:z
        x range restricted to [0.800000 : 10.0000]
        #datapoints = 37
        residuals are weighted equally (unit weight)

function used for fitting: h(x)
	h(x)=a*(c+x)**b
fitted parameters initialized with current variable values

iter      chisq       delta/lim  lambda   a             c             b            
   0 1.8093768379e+02   0.00e+00  0.00e+00    2.027521e+01   1.000000e+00  -7.018736e+07
BREAK: Singular matrix in Givens()

*******************************************************************************
Mon Nov 09 21:04:47 2020


FIT:    data read from 'RelDif_constPhiAlpha_zref3_m28_LCDM.txt' us 1:2
        format = x:z
        x range restricted to [0.800000 : 10.0000]
        #datapoints = 37
        residuals are weighted equally (unit weight)

function used for fitting: h(x)
	h(x)=a*(c+x)**b
fitted parameters initialized with current variable values

iter      chisq       delta/lim  lambda   a             c             b            
   0 1.8093768379e+02   0.00e+00  0.00e+00    2.027521e+01   1.000000e+00  -7.025754e+07
BREAK: Singular matrix in Givens()

*******************************************************************************
Mon Nov 09 21:05:14 2020


FIT:    data read from 'RelDif_constPhiAlpha_zref3_m28_LCDM.txt' us 1:2
        format = x:z
        x range restricted to [0.800000 : *]
        #datapoints = 37
        residuals are weighted equally (unit weight)

function used for fitting: h(x)
	h(x)=a*(c+x)**b
fitted parameters initialized with current variable values

iter      chisq       delta/lim  lambda   a             c             b            
   0 1.8093768379e+02   0.00e+00  0.00e+00    2.027521e+01   1.000000e+00  -7.032780e+07
BREAK: Singular matrix in Givens()

*******************************************************************************
Mon Nov 09 21:05:21 2020


FIT:    data read from 'RelDif_constPhiAlpha_zref3_m28_LCDM.txt' us 1:2
        format = x:z
        x range restricted to [0.800000 : *]
        #datapoints = 37
        residuals are weighted equally (unit weight)

function used for fitting: h(x)
	h(x)=a*(c+x)**b
fitted parameters initialized with current variable values

iter      chisq       delta/lim  lambda   a             c             b            
   0 1.8093768379e+02   0.00e+00  0.00e+00    2.027521e+01   1.000000e+00  -7.039813e+07
BREAK: Singular matrix in Givens()

*******************************************************************************
Mon Nov 09 21:51:44 2020


FIT:    data read from 'RelDif_constPhiAlpha_zref3_m28_LCDM.txt' us 1:2
        format = x:z
        x range restricted to [0.800000 : *]
        #datapoints = 37
        residuals are weighted equally (unit weight)

function used for fitting: f(x)
	f(x)=a * (1+x)**b
fitted parameters initialized with current variable values

iter      chisq       delta/lim  lambda   a             b            
   0 1.8093768379e+02   0.00e+00  0.00e+00    2.027521e+01  -7.046853e+07
BREAK: Singular matrix in Givens()

*******************************************************************************
Mon Nov 09 21:52:06 2020


FIT:    data read from 'RelDif_constPhiAlpha_zref3_m28_LCDM.txt' us 1:2
        format = x:z
        x range restricted to [0.800000 : *]
        #datapoints = 37
        residuals are weighted equally (unit weight)

function used for fitting: f(x)
	f(x)=a*x**b
fitted parameters initialized with current variable values


Current data point
=========================
#               = 1 out of 37
x               = 20.2752        
z               = 3.89791        

Current set of parameters
=========================
a               = 20.2752        
b               = -7.0539e+07    

BREAK: Undefined value during function evaluation

*******************************************************************************
Mon Nov 09 21:53:15 2020


FIT:    data read from 'RelDif_constPhiAlpha_zref3_m28_LCDM.txt' us 1:2
        format = x:z
        x range restricted to [0.800000 : *]
        #datapoints = 37
        residuals are weighted equally (unit weight)

function used for fitting: f(x)
	f(x)=a*x**b
fitted parameters initialized with current variable values


Current data point
=========================
#               = 1 out of 37
x               = 20.2752        
z               = 3.89791        

Current set of parameters
=========================
a               = 20.2752        
b               = -7.0539e+07    

BREAK: Undefined value during function evaluation

*******************************************************************************
Mon Nov 09 21:53:26 2020


FIT:    data read from 'RelDif_constPhiAlpha_zref3_m28_LCDM.txt' us 1:2
        format = x:z
        x range restricted to [0.800000 : *]
        #datapoints = 37
        residuals are weighted equally (unit weight)

function used for fitting: f(x)
	f(x)=a*x**b
fitted parameters initialized with current variable values

iter      chisq       delta/lim  lambda   a             b            
   0 9.3587676641e+01   0.00e+00  5.10e-01    1.000000e+00  -1.000000e+00
   5 8.2078430184e+00  -7.82e-02  5.10e-06    3.613206e+00  -1.398539e+00

After 5 iterations the fit converged.
final sum of squares of residuals : 8.20784
rel. change during last iteration : -7.82151e-07

degrees of freedom    (FIT_NDF)                        : 35
rms of residuals      (FIT_STDFIT) = sqrt(WSSR/ndf)    : 0.484262
variance of residuals (reduced chisquare) = WSSR/ndf   : 0.23451

Final set of parameters            Asymptotic Standard Error
=======================            ==========================
a               = 3.61321          +/- 0.1489       (4.12%)
b               = -1.39854         +/- 0.1076       (7.692%)

correlation matrix of the fit parameters:
                a      b      
a               1.000 
b              -0.448  1.000 


*******************************************************************************
Mon Nov 09 22:51:57 2020


FIT:    data read from 'RelDif_constPhiAlpha_zref3_m28_LCDM.txt' us 1:2
        format = x:z
        x range restricted to [0.800000 : *]
        #datapoints = 37
        residuals are weighted equally (unit weight)

function used for fitting: f(x)
	f(x)=a*(1+x)**b+c
fitted parameters initialized with current variable values

iter      chisq       delta/lim  lambda   a             b             c            
   0 3.5718688503e+01   0.00e+00  1.05e+00    3.613206e+00  -1.398539e+00   1.000000e+00
1302 4.0331695673e-01  -1.21e-01  1.05e-03    7.853369e+01  -7.459311e-02  -7.087502e+01

After 1302 iterations the fit converged.
final sum of squares of residuals : 0.403317
rel. change during last iteration : -1.20801e-06

degrees of freedom    (FIT_NDF)                        : 34
rms of residuals      (FIT_STDFIT) = sqrt(WSSR/ndf)    : 0.108914
variance of residuals (reduced chisquare) = WSSR/ndf   : 0.0118623

Final set of parameters            Asymptotic Standard Error
=======================            ==========================
a               = 78.5337          +/- 129.5        (164.9%)
b               = -0.0745931       +/- 0.133        (178.3%)
c               = -70.875          +/- 129.9        (183.3%)

correlation matrix of the fit parameters:
                a      b      c      
a               1.000 
b               1.000  1.000 
c              -1.000 -1.000  1.000 


*******************************************************************************
Mon Nov 09 22:53:38 2020


FIT:    data read from 'RelDif_constPhiAlpha_zref3_m28_LCDM.txt' us 1:2
        format = x:z
        x range restricted to [1.00000 : *]
        #datapoints = 33
        residuals are weighted equally (unit weight)

function used for fitting: f(x)
	f(x)=a*(1+x)**b+c
fitted parameters initialized with current variable values

iter      chisq       delta/lim  lambda   a             b             c            
   0 1.9589345303e-01   0.00e+00  5.86e+01    7.853369e+01  -7.459311e-02  -7.087502e+01
 556 6.9810783555e-02  -9.93e-01  5.86e-02    2.582021e+01  -3.039451e-01  -1.702312e+01

After 556 iterations the fit converged.
final sum of squares of residuals : 0.0698108
rel. change during last iteration : -9.92856e-06

degrees of freedom    (FIT_NDF)                        : 30
rms of residuals      (FIT_STDFIT) = sqrt(WSSR/ndf)    : 0.0482393
variance of residuals (reduced chisquare) = WSSR/ndf   : 0.00232703

Final set of parameters            Asymptotic Standard Error
=======================            ==========================
a               = 25.8202          +/- 4.821        (18.67%)
b               = -0.303945        +/- 0.08347      (27.46%)
c               = -17.0231         +/- 5.137        (30.18%)

correlation matrix of the fit parameters:
                a      b      c      
a               1.000 
b               0.999  1.000 
c              -1.000 -1.000  1.000 
